<?xml version="1.0" encoding="UTF-8"?>
<testsuite xmlns:xsi="http://www.w3.org/2001/XMLSchema-instance" xsi:noNamespaceSchemaLocation="https://maven.apache.org/surefire/maven-surefire-plugin/xsd/surefire-test-report.xsd" version="3.0.2" name="com.tiendaTech.tienda.TiendaApplicationTests" time="1.654" tests="1" errors="0" skipped="0" failures="0" flakes="0">
  <properties>
[...]
</properties>
  <testcase name="contextLoads" classname="com.tiendaTech.tienda.TiendaApplicationTests" time="0.389">
    <system-out><![CDATA[20:51:07.746 [main] INFO org.springframework.test.context.support.AnnotationConfigContextLoaderUtils -- Could not detect default configuration classes for test class [com.tiendaTech.tienda.TiendaApplicationTests]: TiendaApplicationTests does not declare any static, non-private, non-final, nested classes annotated with @Configuration.
20:51:07.816 [main] INFO org.springframework.boot.test.context.SpringBootTestContextBootstrapper -- Found @SpringBootConfiguration com.tiendaTech.tienda.TiendaApplication for test class com.tiendaTech.tienda.TiendaApplicationTests
20:51:07.878 [main] INFO org.springframework.test.context.support.AnnotationConfigContextLoaderUtils -- Could not detect default configuration classes for test class [com.tiendaTech.tienda.TiendaApplicationTests]: TiendaApplicationTests does not declare any static, non-private, non-final, nested classes annotated with @Configuration.
20:51:07.879 [main] INFO org.springframework.boot.test.context.SpringBootTestContextBootstrapper -- Found @SpringBootConfiguration com.tiendaTech.tienda.TiendaApplication for test class com.tiendaTech.tienda.TiendaApplicationTests
20:51:07.924 [main] INFO org.springframework.boot.devtools.restart.RestartApplicationListener -- Restart disabled due to context in which it is running

  .   ____          _            __ _ _
 /\\ / ___'_ __ _ _(_)_ __  __ _ \ \ \ \
( ( )\___ | '_ | '_| | '_ \/ _` | \ \ \ \
 \\/  ___)| |_)| | | | | || (_| |  ) ) ) )
  '  |____| .__|_| |_|_| |_\__, | / / / /
 =========|_|==============|___/=/_/_/_/

 :: Spring Boot ::                (v4.0.6)

2026-05-21T20:51:08.095-06:00  INFO 5652 --- [tienda] [           main] c.t.tienda.TiendaApplicationTests        : Starting TiendaApplicationTests using Java 26.0.1 with PID 5652 (started by Erick MM in C:\Users\Erick MM\Desktop\Fidelitas\Desarrollo de aplicaciones web y patrones\Repo\emarin-tienda\tiendaTech)
2026-05-21T20:51:08.096-06:00  INFO 5652 --- [tienda] [           main] c.t.tienda.TiendaApplicationTests        : No active profile set, falling back to 1 default profile: "default"
2026-05-21T20:51:08.576-06:00  INFO 5652 --- [tienda] [           main] o.s.b.w.a.WelcomePageHandlerMapping      : Adding welcome page template: index
2026-05-21T20:51:08.729-06:00  WARN 5652 --- [tienda] [           main] .s.a.UserDetailsServiceAutoConfiguration : 

Using generated security password: f63abebb-66a7-4fd6-8b31-c6a034dce025

This generated password is for development use only. Your security configuration must be updated before running your application in production.

2026-05-21T20:51:08.756-06:00  INFO 5652 --- [tienda] [           main] r$InitializeUserDetailsManagerConfigurer : Global AuthenticationManager configured with UserDetailsService bean with name inMemoryUserDetailsManager
2026-05-21T20:51:08.893-06:00  INFO 5652 --- [tienda] [           main] c.t.tienda.TiendaApplicationTests        : Started TiendaApplicationTests in 0.975 seconds (process running for 1.64)
]]></system-out>
    <system-err><![CDATA[Mockito is currently self-attaching to enable the inline-mock-maker. This will no longer work in future releases of the JDK. Please add Mockito as an agent to your build as described in Mockito's documentation: https://javadoc.io/doc/org.mockito/mockito-core/latest/org.mockito/org/mockito/Mockito.html#0.3
WARNING: A Java agent has been loaded dynamically (C:\Users\Erick MM\.m2\repository\net\bytebuddy\byte-buddy-agent\1.17.8\byte-buddy-agent-1.17.8.jar)
WARNING: If a serviceability tool is in use, please run with -XX:+EnableDynamicAgentLoading to hide this warning
WARNING: If a serviceability tool is not in use, please run with -Djdk.instrument.traceUsage for more information
WARNING: Dynamic loading of agents will be disallowed by default in a future release
]]></system-err>
  </testcase>
</testsuite>