<?xml version="1.0" encoding="UTF-8"?>
<testsuite xmlns:xsi="http://www.w3.org/2001/XMLSchema-instance" xsi:noNamespaceSchemaLocation="https://maven.apache.org/surefire/maven-surefire-plugin/xsd/surefire-test-report.xsd" version="3.0.2" name="com.tiendaTech.tienda.TiendaApplicationTests" time="5.297" tests="1" errors="0" skipped="0" failures="0" flakes="0">
  <properties>
[...]
</properties>
  <testcase name="contextLoads" classname="com.tiendaTech.tienda.TiendaApplicationTests" time="0.324">
    <system-out><![CDATA[20:49:32.918 [main] INFO org.springframework.test.context.support.AnnotationConfigContextLoaderUtils -- Could not detect default configuration classes for test class [com.tiendaTech.tienda.TiendaApplicationTests]: TiendaApplicationTests does not declare any static, non-private, non-final, nested classes annotated with @Configuration.
20:49:33.036 [main] INFO org.springframework.boot.test.context.SpringBootTestContextBootstrapper -- Found @SpringBootConfiguration com.tiendaTech.tienda.TiendaApplication for test class com.tiendaTech.tienda.TiendaApplicationTests
20:49:33.120 [main] INFO org.springframework.test.context.support.AnnotationConfigContextLoaderUtils -- Could not detect default configuration classes for test class [com.tiendaTech.tienda.TiendaApplicationTests]: TiendaApplicationTests does not declare any static, non-private, non-final, nested classes annotated with @Configuration.
20:49:33.122 [main] INFO org.springframework.boot.test.context.SpringBootTestContextBootstrapper -- Found @SpringBootConfiguration com.tiendaTech.tienda.TiendaApplication for test class com.tiendaTech.tienda.TiendaApplicationTests
20:49:33.203 [main] INFO org.springframework.boot.devtools.restart.RestartApplicationListener -- Restart disabled due to context in which it is running
08:49  INFO 27628 --- [tienda] [           main] c.t.tienda.TiendaApplicationTests        : Starting TiendaApplicationTests using Java 24.0.2 with PID 27628 (started by Usuario in G:\Desarrollo de Software y\Angel-tienda2026\Angel-tienda\tiendaTech)
08:49  INFO 27628 --- [tienda] [           main] c.t.tienda.TiendaApplicationTests        : No active profile set, falling back to 1 default profile: "default"
08:49  INFO 27628 --- [tienda] [           main] .s.d.r.c.RepositoryConfigurationDelegate : Bootstrapping Spring Data JPA repositories in DEFAULT mode.
08:49  INFO 27628 --- [tienda] [           main] .s.d.r.c.RepositoryConfigurationDelegate : Finished Spring Data repository scanning in 41 ms. Found 1 JPA repository interface.
08:49  INFO 27628 --- [tienda] [           main] com.zaxxer.hikari.HikariDataSource       : HikariPool-1 - Starting...
08:49  INFO 27628 --- [tienda] [           main] com.zaxxer.hikari.pool.HikariPool        : HikariPool-1 - Added connection com.mysql.cj.jdbc.ConnectionImpl@56835f2f
08:49  INFO 27628 --- [tienda] [           main] com.zaxxer.hikari.HikariDataSource       : HikariPool-1 - Start completed.
08:49  INFO 27628 --- [tienda] [           main] org.hibernate.orm.jpa                    : HHH008540: Processing PersistenceUnitInfo [name: default]
08:49  INFO 27628 --- [tienda] [           main] org.hibernate.orm.core                   : HHH000001: Hibernate ORM core version 7.2.12.Final
08:49  INFO 27628 --- [tienda] [           main] o.s.o.j.p.SpringPersistenceUnitInfo      : No LoadTimeWeaver setup: ignoring JPA class transformer
08:49  WARN 27628 --- [tienda] [           main] org.hibernate.orm.deprecation            : HHH90000025: MySQLDialect does not need to be specified explicitly using 'hibernate.dialect' (remove the property setting and it will be selected by default)
08:49  INFO 27628 --- [tienda] [           main] org.hibernate.orm.connections.pooling    : HHH10001005: Database info:
	Database JDBC URL [jdbc:mysql://localhost:3306/techshop]
	Database driver: MySQL Connector/J
	Database dialect: MySQLDialect
	Database version: 8.0.46
	Default catalog/schema: techshop/undefined
	Autocommit mode: undefined/unknown
	Isolation level: REPEATABLE_READ [default REPEATABLE_READ]
	JDBC fetch size: none
	Pool: DataSourceConnectionProvider
	Minimum pool size: undefined/unknown
	Maximum pool size: undefined/unknown
08:49  INFO 27628 --- [tienda] [           main] org.hibernate.orm.core                   : HHH000489: No JTA platform available (set 'hibernate.transaction.jta.platform' to enable JTA platform integration)
08:49  INFO 27628 --- [tienda] [           main] j.LocalContainerEntityManagerFactoryBean : Initialized JPA EntityManagerFactory for persistence unit 'default'
08:49  INFO 27628 --- [tienda] [           main] o.s.d.j.r.query.QueryEnhancerFactories   : Hibernate is in classpath; If applicable, HQL parser will be used.
08:49  WARN 27628 --- [tienda] [           main] JpaBaseConfiguration$JpaWebConfiguration : spring.jpa.open-in-view is enabled by default. Therefore, database queries may be performed during view rendering. Explicitly configure spring.jpa.open-in-view to disable this warning
08:49  INFO 27628 --- [tienda] [           main] o.s.b.w.a.WelcomePageHandlerMapping      : Adding welcome page template: index
08:49  WARN 27628 --- [tienda] [           main] .s.a.UserDetailsServiceAutoConfiguration : 

Using generated security password: b11ba7be-fd37-4f7b-b829-c43d32023621

This generated password is for development use only. Your security configuration must be updated before running your application in production.

08:49  INFO 27628 --- [tienda] [           main] r$InitializeUserDetailsManagerConfigurer : Global AuthenticationManager configured with UserDetailsService bean with name inMemoryUserDetailsManager
08:49  INFO 27628 --- [tienda] [           main] c.t.tienda.TiendaApplicationTests        : Started TiendaApplicationTests in 4.471 seconds (process running for 5.641)
]]></system-out>
    <system-err><![CDATA[Mockito is currently self-attaching to enable the inline-mock-maker. This will no longer work in future releases of the JDK. Please add Mockito as an agent to your build as described in Mockito's documentation: https://javadoc.io/doc/org.mockito/mockito-core/latest/org.mockito/org/mockito/Mockito.html#0.3
WARNING: A Java agent has been loaded dynamically (C:\Users\Usuario\.m2\repository\net\bytebuddy\byte-buddy-agent\1.17.8\byte-buddy-agent-1.17.8.jar)
WARNING: If a serviceability tool is in use, please run with -XX:+EnableDynamicAgentLoading to hide this warning
WARNING: If a serviceability tool is not in use, please run with -Djdk.instrument.traceUsage for more information
WARNING: Dynamic loading of agents will be disallowed by default in a future release
]]></system-err>
  </testcase>
</testsuite>